# JRE version: Java(TM) SE Runtime Environment (8.0_91-b15) (build 1.8.0_91-b15)
# Java VM: Java HotSpot(TM) 64-Bit Server VM (25.91-b15 mixed mode windows-amd64 compressed oops)
Heap:
 PSYoungGen      total 397312K, used 31995K [0x000000076b700000, 0x000000078b500000, 0x00000007c0000000)
  eden space 381952K, 8% used [0x000000076b700000,0x000000076d63ef68,0x0000000782c00000)
  from space 15360K, 0% used [0x0000000782c00000,0x0000000782c00000,0x0000000783b00000)
  to   space 17920K, 0% used [0x000000078a380000,0x000000078a380000,0x000000078b500000)
 ParOldGen       total 161280K, used 27501K [0x00000006c2400000, 0x00000006cc180000, 0x000000076b700000)
  object space 161280K, 17% used [0x00000006c2400000,0x00000006c3edb4c0,0x00000006cc180000)
 Metaspace       used 56593K, capacity 59604K, committed 59696K, reserved 1101824K
  class space    used 7672K, capacity 8213K, committed 8240K, reserved 1048576K
GC Heap History (10 events):
Event: 3.005 GC heap before
{Heap before GC invocations=8 (full 1):
 PSYoungGen      total 220672K, used 19410K [0x000000076b700000, 0x0000000779c00000, 0x00000007c0000000)
  eden space 208896K, 3% used [0x000000076b700000,0x000000076be7e830,0x0000000778300000)
  from space 11776K, 99% used [0x0000000779080000,0x0000000779bf6058,0x0000000779c00000)
  to   space 12800K, 0% used [0x0000000778300000,0x0000000778300000,0x0000000778f80000)
 ParOldGen       total 95744K, used 8001K [0x00000006c2400000, 0x00000006c8180000, 0x000000076b700000)
  object space 95744K, 8% used [0x00000006c2400000,0x00000006c2bd0758,0x00000006c8180000)
 Metaspace       used 33513K, capacity 35314K, committed 35496K, reserved 1081344K
  class space    used 4248K, capacity 4583K, committed 4656K, reserved 1048576K
Event: 3.010 GC heap after
Heap after GC invocations=8 (full 1):
 PSYoungGen      total 221696K, used 7416K [0x000000076b700000, 0x0000000784a00000, 0x00000007c0000000)
  eden space 208896K, 0% used [0x000000076b700000,0x000000076b700000,0x0000000778300000)
  from space 12800K, 57% used [0x0000000778300000,0x0000000778a3e130,0x0000000778f80000)
  to   space 12800K, 0% used [0x0000000783d80000,0x0000000783d80000,0x0000000784a00000)
 ParOldGen       total 95744K, used 8001K [0x00000006c2400000, 0x00000006c8180000, 0x000000076b700000)
  object space 95744K, 8% used [0x00000006c2400000,0x00000006c2bd0758,0x00000006c8180000)
 Metaspace       used 33513K, capacity 35314K, committed 35496K, reserved 1081344K
  class space    used 4248K, capacity 4583K, committed 4656K, reserved 1048576K
}
Event: 3.010 GC heap before
{Heap before GC invocations=9 (full 2):
 PSYoungGen      total 221696K, used 7416K [0x000000076b700000, 0x0000000784a00000, 0x00000007c0000000)
  eden space 208896K, 0% used [0x000000076b700000,0x000000076b700000,0x0000000778300000)
  from space 12800K, 57% used [0x0000000778300000,0x0000000778a3e130,0x0000000778f80000)
  to   space 12800K, 0% used [0x0000000783d80000,0x0000000783d80000,0x0000000784a00000)
 ParOldGen       total 95744K, used 8001K [0x00000006c2400000, 0x00000006c8180000, 0x000000076b700000)
  object space 95744K, 8% used [0x00000006c2400000,0x00000006c2bd0758,0x00000006c8180000)
 Metaspace       used 33513K, capacity 35314K, committed 35496K, reserved 1081344K
  class space    used 4248K, capacity 4583K, committed 4656K, reserved 1048576K
Event: 3.051 GC heap after
Heap after GC invocations=9 (full 2):
 PSYoungGen      total 221696K, used 0K [0x000000076b700000, 0x0000000784a00000, 0x00000007c0000000)
  eden space 208896K, 0% used [0x000000076b700000,0x000000076b700000,0x0000000778300000)
  from space 12800K, 0% used [0x0000000778300000,0x0000000778300000,0x0000000778f80000)
  to   space 12800K, 0% used [0x0000000783d80000,0x0000000783d80000,0x0000000784a00000)
 ParOldGen       total 124416K, used 13078K [0x00000006c2400000, 0x00000006c9d80000, 0x000000076b700000)
  object space 124416K, 10% used [0x00000006c2400000,0x00000006c30c5a10,0x00000006c9d80000)
 Metaspace       used 33513K, capacity 35314K, committed 35496K, reserved 1081344K
  class space    used 4248K, capacity 4583K, committed 4656K, reserved 1048576K
}
Event: 3.602 GC heap before
{Heap before GC invocations=10 (full 2):
 PSYoungGen      total 221696K, used 208896K [0x000000076b700000, 0x0000000784a00000, 0x00000007c0000000)
  eden space 208896K, 100% used [0x000000076b700000,0x0000000778300000,0x0000000778300000)
  from space 12800K, 0% used [0x0000000778300000,0x0000000778300000,0x0000000778f80000)
  to   space 12800K, 0% used [0x0000000783d80000,0x0000000783d80000,0x0000000784a00000)
 ParOldGen       total 124416K, used 13078K [0x00000006c2400000, 0x00000006c9d80000, 0x000000076b700000)
  object space 124416K, 10% used [0x00000006c2400000,0x00000006c30c5a10,0x00000006c9d80000)
 Metaspace       used 45521K, capacity 47798K, committed 47920K, reserved 1091584K
  class space    used 6022K, capacity 6420K, committed 6448K, reserved 1048576K
Event: 3.611 GC heap after
Heap after GC invocations=10 (full 2):
 PSYoungGen      total 366080K, used 12771K [0x000000076b700000, 0x0000000784a00000, 0x00000007c0000000)
  eden space 353280K, 0% used [0x000000076b700000,0x000000076b700000,0x0000000781000000)
  from space 12800K, 99% used [0x0000000783d80000,0x00000007849f8f60,0x0000000784a00000)
  to   space 15360K, 0% used [0x0000000782c00000,0x0000000782c00000,0x0000000783b00000)
 ParOldGen       total 124416K, used 15943K [0x00000006c2400000, 0x00000006c9d80000, 0x000000076b700000)
  object space 124416K, 12% used [0x00000006c2400000,0x00000006c3391f40,0x00000006c9d80000)
 Metaspace       used 45521K, capacity 47798K, committed 47920K, reserved 1091584K
  class space    used 6022K, capacity 6420K, committed 6448K, reserved 1048576K
}
Event: 22.560 GC heap before
{Heap before GC invocations=11 (full 2):
 PSYoungGen      total 366080K, used 219066K [0x000000076b700000, 0x0000000784a00000, 0x00000007c0000000)
  eden space 353280K, 58% used [0x000000076b700000,0x0000000778075a10,0x0000000781000000)
  from space 12800K, 99% used [0x0000000783d80000,0x00000007849f8f60,0x0000000784a00000)
  to   space 15360K, 0% used [0x0000000782c00000,0x0000000782c00000,0x0000000783b00000)
 ParOldGen       total 124416K, used 15943K [0x00000006c2400000, 0x00000006c9d80000, 0x000000076b700000)
  object space 124416K, 12% used [0x00000006c2400000,0x00000006c3391f40,0x00000006c9d80000)
 Metaspace       used 56202K, capacity 59114K, committed 59160K, reserved 1099776K
  class space    used 7587K, capacity 8074K, committed 8112K, reserved 1048576K
Event: 22.570 GC heap after
Heap after GC invocations=11 (full 2):
 PSYoungGen      total 397312K, used 15333K [0x000000076b700000, 0x000000078b500000, 0x00000007c0000000)
  eden space 381952K, 0% used [0x000000076b700000,0x000000076b700000,0x0000000782c00000)
  from space 15360K, 99% used [0x0000000782c00000,0x0000000783af9788,0x0000000783b00000)
  to   space 17920K, 0% used [0x000000078a380000,0x000000078a380000,0x000000078b500000)
 ParOldGen       total 124416K, used 18048K [0x00000006c2400000, 0x00000006c9d80000, 0x000000076b700000)
  object space 124416K, 14% used [0x00000006c2400000,0x00000006c35a02a8,0x00000006c9d80000)
 Metaspace       used 56202K, capacity 59114K, committed 59160K, reserved 1099776K
  class space    used 7587K, capacity 8074K, committed 8112K, reserved 1048576K
}
Event: 22.570 GC heap before
{Heap before GC invocations=12 (full 3):
 PSYoungGen      total 397312K, used 15333K [0x000000076b700000, 0x000000078b500000, 0x00000007c0000000)
  eden space 381952K, 0% used [0x000000076b700000,0x000000076b700000,0x0000000782c00000)
  from space 15360K, 99% used [0x0000000782c00000,0x0000000783af9788,0x0000000783b00000)
  to   space 17920K, 0% used [0x000000078a380000,0x000000078a380000,0x000000078b500000)
 ParOldGen       total 124416K, used 18048K [0x00000006c2400000, 0x00000006c9d80000, 0x000000076b700000)
  object space 124416K, 14% used [0x00000006c2400000,0x00000006c35a02a8,0x00000006c9d80000)
 Metaspace       used 56202K, capacity 59114K, committed 59160K, reserved 1099776K
  class space    used 7587K, capacity 8074K, committed 8112K, reserved 1048576K
Event: 22.666 GC heap after
Heap after GC invocations=12 (full 3):
 PSYoungGen      total 397312K, used 0K [0x000000076b700000, 0x000000078b500000, 0x00000007c0000000)
  eden space 381952K, 0% used [0x000000076b700000,0x000000076b700000,0x0000000782c00000)
  from space 15360K, 0% used [0x0000000782c00000,0x0000000782c00000,0x0000000783b00000)
  to   space 17920K, 0% used [0x000000078a380000,0x000000078a380000,0x000000078b500000)
 ParOldGen       total 161280K, used 27501K [0x00000006c2400000, 0x00000006cc180000, 0x000000076b700000)
  object space 161280K, 17% used [0x00000006c2400000,0x00000006c3edb4c0,0x00000006cc180000)
 Metaspace       used 56201K, capacity 59108K, committed 59160K, reserved 1099776K
  class space    used 7587K, capacity 8073K, committed 8112K, reserved 1048576K
}

