# JRE version: Java(TM) SE Runtime Environment (8.0_91-b15) (build 1.8.0_91-b15)
# Java VM: Java HotSpot(TM) 64-Bit Server VM (25.91-b15 mixed mode windows-amd64 compressed oops)
Heap:
 PSYoungGen      total 396800K, used 28697K [0x000000076b700000, 0x000000078b280000, 0x00000007c0000000)
  eden space 381440K, 7% used [0x000000076b700000,0x000000076d3065b8,0x0000000782b80000)
  from space 15360K, 0% used [0x0000000782b80000,0x0000000782b80000,0x0000000783a80000)
  to   space 17920K, 0% used [0x000000078a100000,0x000000078a100000,0x000000078b280000)
 ParOldGen       total 162816K, used 27368K [0x00000006c2400000, 0x00000006cc300000, 0x000000076b700000)
  object space 162816K, 16% used [0x00000006c2400000,0x00000006c3eba098,0x00000006cc300000)
 Metaspace       used 56625K, capacity 59632K, committed 59952K, reserved 1101824K
  class space    used 7676K, capacity 8181K, committed 8240K, reserved 1048576K
GC Heap History (10 events):
Event: 2.984 GC heap before
{Heap before GC invocations=8 (full 1):
 PSYoungGen      total 222208K, used 18842K [0x000000076b700000, 0x0000000779e00000, 0x00000007c0000000)
  eden space 210944K, 3% used [0x000000076b700000,0x000000076be6d3d0,0x0000000778500000)
  from space 11264K, 99% used [0x0000000779200000,0x0000000779cf9808,0x0000000779d00000)
  to   space 12800K, 0% used [0x0000000778500000,0x0000000778500000,0x0000000779180000)
 ParOldGen       total 94720K, used 8329K [0x00000006c2400000, 0x00000006c8080000, 0x000000076b700000)
  object space 94720K, 8% used [0x00000006c2400000,0x00000006c2c227a0,0x00000006c8080000)
 Metaspace       used 33529K, capacity 35316K, committed 35496K, reserved 1081344K
  class space    used 4245K, capacity 4582K, committed 4656K, reserved 1048576K
Event: 2.989 GC heap after
Heap after GC invocations=8 (full 1):
 PSYoungGen      total 223744K, used 7526K [0x000000076b700000, 0x0000000784980000, 0x00000007c0000000)
  eden space 210944K, 0% used [0x000000076b700000,0x000000076b700000,0x0000000778500000)
  from space 12800K, 58% used [0x0000000778500000,0x0000000778c59940,0x0000000779180000)
  to   space 12800K, 0% used [0x0000000783d00000,0x0000000783d00000,0x0000000784980000)
 ParOldGen       total 94720K, used 8337K [0x00000006c2400000, 0x00000006c8080000, 0x000000076b700000)
  object space 94720K, 8% used [0x00000006c2400000,0x00000006c2c247a0,0x00000006c8080000)
 Metaspace       used 33529K, capacity 35316K, committed 35496K, reserved 1081344K
  class space    used 4245K, capacity 4582K, committed 4656K, reserved 1048576K
}
Event: 2.989 GC heap before
{Heap before GC invocations=9 (full 2):
 PSYoungGen      total 223744K, used 7526K [0x000000076b700000, 0x0000000784980000, 0x00000007c0000000)
  eden space 210944K, 0% used [0x000000076b700000,0x000000076b700000,0x0000000778500000)
  from space 12800K, 58% used [0x0000000778500000,0x0000000778c59940,0x0000000779180000)
  to   space 12800K, 0% used [0x0000000783d00000,0x0000000783d00000,0x0000000784980000)
 ParOldGen       total 94720K, used 8337K [0x00000006c2400000, 0x00000006c8080000, 0x000000076b700000)
  object space 94720K, 8% used [0x00000006c2400000,0x00000006c2c247a0,0x00000006c8080000)
 Metaspace       used 33529K, capacity 35316K, committed 35496K, reserved 1081344K
  class space    used 4245K, capacity 4582K, committed 4656K, reserved 1048576K
Event: 3.024 GC heap after
Heap after GC invocations=9 (full 2):
 PSYoungGen      total 223744K, used 0K [0x000000076b700000, 0x0000000784980000, 0x00000007c0000000)
  eden space 210944K, 0% used [0x000000076b700000,0x000000076b700000,0x0000000778500000)
  from space 12800K, 0% used [0x0000000778500000,0x0000000778500000,0x0000000779180000)
  to   space 12800K, 0% used [0x0000000783d00000,0x0000000783d00000,0x0000000784980000)
 ParOldGen       total 124928K, used 13055K [0x00000006c2400000, 0x00000006c9e00000, 0x000000076b700000)
  object space 124928K, 10% used [0x00000006c2400000,0x00000006c30bfd08,0x00000006c9e00000)
 Metaspace       used 33529K, capacity 35316K, committed 35496K, reserved 1081344K
  class space    used 4245K, capacity 4582K, committed 4656K, reserved 1048576K
}
Event: 3.570 GC heap before
{Heap before GC invocations=10 (full 2):
 PSYoungGen      total 223744K, used 210944K [0x000000076b700000, 0x0000000784980000, 0x00000007c0000000)
  eden space 210944K, 100% used [0x000000076b700000,0x0000000778500000,0x0000000778500000)
  from space 12800K, 0% used [0x0000000778500000,0x0000000778500000,0x0000000779180000)
  to   space 12800K, 0% used [0x0000000783d00000,0x0000000783d00000,0x0000000784980000)
 ParOldGen       total 124928K, used 13055K [0x00000006c2400000, 0x00000006c9e00000, 0x000000076b700000)
  object space 124928K, 10% used [0x00000006c2400000,0x00000006c30bfd08,0x00000006c9e00000)
 Metaspace       used 45597K, capacity 47798K, committed 47920K, reserved 1091584K
  class space    used 6026K, capacity 6420K, committed 6448K, reserved 1048576K
Event: 3.580 GC heap after
Heap after GC invocations=10 (full 2):
 PSYoungGen      total 366592K, used 12788K [0x000000076b700000, 0x0000000784980000, 0x00000007c0000000)
  eden space 353792K, 0% used [0x000000076b700000,0x000000076b700000,0x0000000781080000)
  from space 12800K, 99% used [0x0000000783d00000,0x000000078497d0d8,0x0000000784980000)
  to   space 15360K, 0% used [0x0000000782b80000,0x0000000782b80000,0x0000000783a80000)
 ParOldGen       total 124928K, used 15871K [0x00000006c2400000, 0x00000006c9e00000, 0x000000076b700000)
  object space 124928K, 12% used [0x00000006c2400000,0x00000006c337fcd8,0x00000006c9e00000)
 Metaspace       used 45597K, capacity 47798K, committed 47920K, reserved 1091584K
  class space    used 6026K, capacity 6420K, committed 6448K, reserved 1048576K
}
Event: 20.957 GC heap before
{Heap before GC invocations=11 (full 2):
 PSYoungGen      total 366592K, used 225732K [0x000000076b700000, 0x0000000784980000, 0x00000007c0000000)
  eden space 353792K, 60% used [0x000000076b700000,0x00000007786f3f48,0x0000000781080000)
  from space 12800K, 99% used [0x0000000783d00000,0x000000078497d0d8,0x0000000784980000)
  to   space 15360K, 0% used [0x0000000782b80000,0x0000000782b80000,0x0000000783a80000)
 ParOldGen       total 124928K, used 15871K [0x00000006c2400000, 0x00000006c9e00000, 0x000000076b700000)
  object space 124928K, 12% used [0x00000006c2400000,0x00000006c337fcd8,0x00000006c9e00000)
 Metaspace       used 56212K, capacity 59084K, committed 59160K, reserved 1099776K
  class space    used 7585K, capacity 8069K, committed 8112K, reserved 1048576K
Event: 20.966 GC heap after
Heap after GC invocations=11 (full 2):
 PSYoungGen      total 396800K, used 15332K [0x000000076b700000, 0x000000078b280000, 0x00000007c0000000)
  eden space 381440K, 0% used [0x000000076b700000,0x000000076b700000,0x0000000782b80000)
  from space 15360K, 99% used [0x0000000782b80000,0x0000000783a79200,0x0000000783a80000)
  to   space 17920K, 0% used [0x000000078a100000,0x000000078a100000,0x000000078b280000)
 ParOldGen       total 124928K, used 17914K [0x00000006c2400000, 0x00000006c9e00000, 0x000000076b700000)
  object space 124928K, 14% used [0x00000006c2400000,0x00000006c357eaf8,0x00000006c9e00000)
 Metaspace       used 56212K, capacity 59084K, committed 59160K, reserved 1099776K
  class space    used 7585K, capacity 8069K, committed 8112K, reserved 1048576K
}
Event: 20.966 GC heap before
{Heap before GC invocations=12 (full 3):
 PSYoungGen      total 396800K, used 15332K [0x000000076b700000, 0x000000078b280000, 0x00000007c0000000)
  eden space 381440K, 0% used [0x000000076b700000,0x000000076b700000,0x0000000782b80000)
  from space 15360K, 99% used [0x0000000782b80000,0x0000000783a79200,0x0000000783a80000)
  to   space 17920K, 0% used [0x000000078a100000,0x000000078a100000,0x000000078b280000)
 ParOldGen       total 124928K, used 17914K [0x00000006c2400000, 0x00000006c9e00000, 0x000000076b700000)
  object space 124928K, 14% used [0x00000006c2400000,0x00000006c357eaf8,0x00000006c9e00000)
 Metaspace       used 56212K, capacity 59084K, committed 59160K, reserved 1099776K
  class space    used 7585K, capacity 8069K, committed 8112K, reserved 1048576K
Event: 21.060 GC heap after
Heap after GC invocations=12 (full 3):
 PSYoungGen      total 396800K, used 0K [0x000000076b700000, 0x000000078b280000, 0x00000007c0000000)
  eden space 381440K, 0% used [0x000000076b700000,0x000000076b700000,0x0000000782b80000)
  from space 15360K, 0% used [0x0000000782b80000,0x0000000782b80000,0x0000000783a80000)
  to   space 17920K, 0% used [0x000000078a100000,0x000000078a100000,0x000000078b280000)
 ParOldGen       total 162816K, used 27368K [0x00000006c2400000, 0x00000006cc300000, 0x000000076b700000)
  object space 162816K, 16% used [0x00000006c2400000,0x00000006c3eba098,0x00000006cc300000)
 Metaspace       used 56212K, capacity 59084K, committed 59160K, reserved 1099776K
  class space    used 7585K, capacity 8069K, committed 8112K, reserved 1048576K
}

